make.exe all --print-data-base --no-builtin-variables --no-builtin-rules --question
# GNU Make 3.82.90
# Built for i686-pc-mingw32
# Copyright (C) 1988-2012 Free Software Foundation, Inc.
# License GPLv3+: GNU GPL version 3 or later <http://gnu.org/licenses/gpl.html>
# This is free software: you are free to change and redistribute it.
# There is NO WARRANTY, to the extent permitted by law.
 

# Make data base, printed on Sun Aug 07 11:52:33 2022

# Variables

# automatic
<D = $(patsubst %/,%,$(patsubst %\,%,$(dir $<)))
# automatic
?F = $(notdir $?)
# default
.SHELLFLAGS := -c
# makefile
MAKEFLAGS = Rrqp
# automatic
?D = $(patsubst %/,%,$(patsubst %\,%,$(dir $?)))
# automatic
@D = $(patsubst %/,%,$(patsubst %\,%,$(dir $@)))
# environment
HOMEDRIVE = C:
# automatic
@F = $(notdir $@)
# automatic
^D = $(patsubst %/,%,$(patsubst %\,%,$(dir $^)))
# makefile
CURDIR := c:/Santi/Jave/Semestre5/Sistemas Operativos/Tarea1
# default
SHELL := sh.exe
# environment
WINDIR = C:\WINDOWS
# environment
VSCODE_NLS_CONFIG = {"locale":"es","availableLanguages":{"*":"es"},"_languagePackId":"74522ba3f1649aca072dde1ae3214658.es","_translationsConfigFile":"C:\\Users\\usuario\\AppData\\Roaming\\Code\\clp\\74522ba3f1649aca072dde1ae3214658.es\\tcf.json","_cacheRoot":"C:\\Users\\usuario\\AppData\\Roaming\\Code\\clp\\74522ba3f1649aca072dde1ae3214658.es","_resolvedLanguagePackCoreLocation":"C:\\Users\\usuario\\AppData\\Roaming\\Code\\clp\\74522ba3f1649aca072dde1ae3214658.es\\da76f93349a72022ca4670c1b84860304616aaa2","_corruptedFile":"C:\\Users\\usuario\\AppData\\Roaming\\Code\\clp\\74522ba3f1649aca072dde1ae3214658.es\\corrupted.info","_languagePackSupport":true}
# environment
VBOX_MSI_INSTALL_PATH = C:\Program Files\Oracle\VirtualBox\
# environment
ONEDRIVE = C:\Users\usuario\OneDrive
# environment
PATHEXT = .COM;.EXE;.BAT;.CMD;.VBS;.VBE;.JS;.JSE;.WSF;.WSH;.MSC
# makefile (from 'Makefile', line 1)
MAKEFILE_LIST :=  Makefile
# env 
ironment
FPS_BROWSER_USER_PROFILE_STRING = Default
# environment
TMP = C:\Users\usuario\AppData\Local\Temp
# environment
PROGRAMW6432 = C:\Program Files
# environment
PROGRAMDATA = C:\ProgramData
# environment
VSCODE_CWD = C:\Users\usuario\AppData\Local\Programs\Microsoft VS Code
# environment
PATH = C:\Program Files (x86)\Razer\ChromaBroadcast\bin;C:\Program Files\Razer\ChromaBroadcast\bin;C:\Program Files (x86)\Common Files\Oracle\Java\javapath;C:\Windows\system32;C:\Windows;C:\Windows\System32\Wbem;C:\Windows\System32\WindowsPowerShell\v1.0\;C:\Windows\System32\OpenSSH\;C:\Program Files\NVIDIA Corporation\NVIDIA NvDLISR;C:\Program Files (x86)\Python38-32;C:\MinGW\bin;C:\MinGW\bin\make.exe;C:\WINDOWS\system32;C:\WINDOWS;C:\WINDOWS\System32\Wbem;C:\WINDOWS\System32\WindowsPowerShell\v1.0\;C:\WINDOWS\System32\OpenSSH\;C:\Program Files\Git\cmd;C:\ProgramData\chocolatey\bin;C:\WINDOWS\system32\config\systemprofile\AppData\Local\Microsoft\WindowsApps;C:\Program Files\nodejs\;C:\Program Files (x86)\NVIDIA Corporation\PhysX\Common;C:\Program Files\Docker\Docker\resources\bin;C:\ProgramData\DockerDesktop\version-bin;C:\Program Files (x86)\HashiCorp\Vagrant\bin;C:\Users\usuario\AppData\Local\Microsoft\WindowsApps;;C:\Users\usuario\AppData\Local\Programs\Microsoft VS Code\bin;C:\altera\13.0sp1\modelsim_ase\win32aloem;C:\Users\usuario\AppData\Roaming\cabal\bin;C:\tools\ghc-9.0.1\bin;C:\tools\msys64;C:\Users\usuario\AppData\Roaming\npm;C:\ghcup\bin
# environment
COMMONPROGRAMW6432 = C:\Program Files\Common Files
# environment
GHCUP_INSTALL_BASE_PREFIX = C:\
# environment
CHOCOLATEYLASTPATHUPDATE = 132787007474936590
# environment
PROCESSOR_ARCHITECTURE = x86
# environment
USERPROFILE = C:\Users\usuario
# environment
CHOCOLATEYINSTALL = C:\ProgramData\chocolatey
# environment
ALLUSERSPROFILE = C:\ProgramData
# environment
SOPC_KIT_NIOS2 = C:\altera\13.0sp1\nios2eds
# environment
NUMBER_OF_PROCESSORS = 8
# environment
ELECTRON_RUN_AS_NODE = 1
# default
.FEATURES := target-specific order-only second-expansion else-if shortest-stem undefine oneshell archives jobserver
# environment
CABAL_DIR = C:\cabal
# automatic
%F = $(notdir $%)
# environment
CHROME_CRASHPAD_PIPE_NAME = \\.\pipe\crashpad_64140_VBXDHMMSVTQPCLJL
# environment
COMPUTERNAME = SANTIAGO
# environment
PROGRAMFILES = C:\Program Files (x86)
# environment
DRIVERDATA = C:\Windows\System32\Drivers\DriverData
# environment
ORIGINAL_XDG_CURRENT_DESKTOP = undefined
# environment
USERNAME = usuario
# environment
PUBLIC = C:\Users\Public
# environment
VSCODE_AMD_ENTRYPOINT = vs/workbench/api/node/extensionHostProcess
# environment
CHOCOLATEYTOOLSLOCATION = C:\tools
# environment
VSCODE_CODE_CACHE_PATH = C:\Users\usuario\AppData\Roaming\Code\CachedData\da76f93349a72022ca4670c1b84860304616aaa2
# environment
APPLICATION_INSIGHTS_NO_DIAGNOSTIC_CHANNEL = 1
# environment
COMMONPROGRAMFILES = C:\Program Files (x86)\Common Files
# environment
LOGONSERVER = \\SANTIAGO
# environment
ONEDRIVECONSUMER = C:\Users\usuario\OneDrive
# environment
VSCODE_HANDLES_UNCAUGHT_ERRORS = true
# environment
USERDOMAIN = SANTIAGO
# environment
MAKELEVEL := 0
# default
MAKE = $(MAKE_COMMAND)
# default
MAKECMDGOALS := all
# default
MAKE_VERSION := 3.82.90
# makefile
.DEFAULT_GOAL := all
# environment
PROGRAMFILES(X86) = C:\Program Files (x86)
# automatic
%D = $(patsubst %/,%,$(patsubst %\,%,$(dir $%)))
# environment
LOCALAPPDATA = C:\Users\usuario\AppData\Local
# environment
PSMODULEPATH = C:\Program Files\WindowsPowerShell\Modules;C:\WINDOWS\system32\WindowsPowerShell\v1.0\Modules
# default
MAKE_COMMAND := make.exe
# environment
PROCESSOR_ARCHITEW6432 = AMD64
# default
.VARIABLES := 
# automatic
*F = $(notdir $*)
# environment
PROCESSOR_IDENTIFIER = Intel64 Family 6 Model 142 Stepping 12, GenuineIntel
# environment
OS = Windows_NT
# environment
VSCODE_IPC_HOOK = \\.\pipe\5eaa29050142b0058e852c205f4a577f-1.70.0-main-sock
# environment
HOMEPATH = \Users\usuario
# environment
COMMONPROGRAMFILES(X86) = C:\Program Files (x86)\Common Files
# environment
PROMPT = $P$G
# environment
MFLAGS = -Rrqp
# automatic
*D = $(patsubst %/,%,$(patsubst %\,%,$(dir $*)))
# environment
PT8HOME = C:\Program Files\Cisco Packet Tracer 8.2.0
# environment
SYSTEMROOT = C:\WINDOWS
# environment
_MSYS2_PREFIX = x86_64
# automatic
+D = $(patsubst %/,%,$(patsubst %\,%,$(dir $+)))
# automatic
+F = $(notdir $+)
# environment
APPDATA = C:\Users\usuario\AppData\Roaming
# environment
TEMP = C:\Users\usuario\AppData\Local\Temp
# environment
COMSPEC = C:\WINDOWS\system32\cmd.exe
# default
MAKEFILES := 
# environment
QUARTUS_ROOTDIR = C:\altera\13.0sp1\quartus
# automatic
<F = $(notdir $<)
# environment
LC_ALL = C
# automatic
^F = $(notdir $^)
# default
SUFFIXES := 
# environment
SYSTEMDRIVE = C:
# environment
SESSIONNAME = Console
# environment
PROCESSOR_REVISION = 8e0c
# default
.INCLUDE_DIRS = C:/MinGW/include
# default
.RECIPEPREFIX := 
# environment
_MSYS2_BASH = C:\tools\msys64\usr\bin\bash.exe
# environment
LANG = C
# environment
PROCESSOR_LEVEL = 6
# environment
FPS_BROWSER_APP_PROFILE_STRING = Internet Explorer
# environment
VSCODE_PID = 64140
# environment
USERDOMAIN_ROAMINGPROFILE = SANTIAGO
# variable set hash-table stats:
# Load=98/1024=10%, Rehash=0, Collisions=11/120=9%

# Pattern-specific Variable Values

# No pattern-specific variable values.

# Directories

# : could not be stat'd.
# C:\ProgramData\DockerDesktop\version-bin: could not be stat'd.
# C:\Program Files\NVIDIA Corporation\NVIDIA NvDLISR (key C:/Program Files/NVIDIA Corporation/NVIDIA NvDLISR, mtime 1589097858): 5 files, no impossibilities.
# C:\Windows\System32\WindowsPowerShell\v1.0\ (key C:/Windows/System32/WindowsPowerShell/v1.0/, mtime 1618386337): 30 files, no impossibilities.
# C:\WINDOWS\System32\Wbem (key C:/WINDOWS/System32/Wbem, mtime 1658942346): 170 files, no impossibilities.
# . (key c:/Santi/Jave/Semestre5/Sistemas Operativos/Tarea1, mtime 1659891151): 8 files, no impossibilities.
# C:\Program Files (x86)\Common Files\Oracle\Java\javapath (key C:/Program Files (x86)/Common Files/Oracle/Java/javapath, mtime 1605812444): 5 files, no impossibilities.
# C:\MinGW\bin\make.exe (key C:/MinGW/bin/make.exe, mtime 1346546548): could not be opened.
# C:\Program Files\Docker\Docker\resources\bin (key C:/Program Files/Docker/Docker/resources/bin, mtime 1658942219): 13 files, no impossibilities.
# C:\Program Files\Git\cmd (key C:/Program Files/Git/cmd, mtime 1628781150): 8 files, no impossibilities.
# C:\Windows\System32\OpenSSH\: could not be stat'd.
# C:\MinGW\bin (key C:/MinGW/bin, mtime 1618265148): 129 files, no impossibilities.
# C:\Program Files (x86)\NVIDIA Corporation\Ph 
ysX\Common (key C:/Program Files (x86)/NVIDIA Corporation/PhysX/Common, mtime 1645580071): 10 files, no impossibilities.
# C:\Program Files\Razer\ChromaBroadcast\bin: could not be stat'd.
# C:\WINDOWS (key C:/WINDOWS, mtime 1659549401): 118 files, no impossibilities.
# C:\WINDOWS\system32\config\systemprofile\AppData\Local\Microsoft\WindowsApps: could not be stat'd.
# C:\ProgramData\chocolatey\bin (key C:/ProgramData/chocolatey/bin, mtime 1634226886): 18 files, no impossibilities.
# C:\Windows (key C:/Windows, mtime 1659549401): 118 files, no impossibilities.
# C:\altera\13.0sp1\modelsim_ase\win32aloem: could not be stat'd.
# C:\Program Files (x86)\HashiCorp\Vagrant\bin (key C:/Program Files (x86)/HashiCorp/Vagrant/bin, mtime 1658943517): 3 files, no impossibilities.
# C:\tools\msys64 (key C:/tools/msys64, mtime 1634227017): 34 files, no impossibilities.
# C:\Users\usuario\AppData\Roaming\cabal\bin: could not be stat'd.
# C:\Windows\System32\Wbem (key C:/Windows/System32/Wbem, mtime 1658942346): 170 files, no impossibilities.
# C:\Users\usuario\AppData\Roaming\npm (key C:/Users/usuario/AppData/Roaming/npm, mtime 1649205878): 6 files, no impossibilities.
# C:\tools\ghc-9.0.1\bin (key C:/tools/ghc-9.0.1/bin, mtime 1634226887): 20 files, no impossibilities.
# C:\Program Files\nodejs\ (key C:/Program Files/nodejs/, mtime 1643149747): 13 files, no impossibilities.
# C:\WINDOWS\System32\WindowsPowerShell\v1.0\ (key C:/WINDOWS/System32/WindowsPowerShell/v1.0/, mtime 1618386337): 30 files, no impossibilities.
# C:\Windows\system32 (key C:/Windows/system32, mtime 1659023569): 3069 files, no impossibilities.
# C:\Users\usuario\AppData\Local\Microsoft\WindowsApps (key C:/Users/usuario/AppData/Local/Microsoft/WindowsApps, mtime 1659795324): 21 files, no impossibilities.
# C:\Program Files (x86)\Razer\ChromaBroadcast\bin: could not be stat'd.
# C:\Program Files (x86)\Python38-32 (key C:/Program Files (x86)/Python38-32, mtime 1597082413): 17 files, no impossibilities.
# C:\WINDOWS\System32\OpenSSH\: could not be stat'd.
# C:\ghcup\bin (key C:/ghcup/bin, mtime 1659365658): 72 files, no impossibilities.
# C:\WINDOWS\system32 (key C:/WINDOWS/system32, mtime 1659023569): 3069 files, no impossibilities.
# C:\Users\usuario\AppData\Local\Programs\Microsoft VS Code\bin (key C:/Users/usuario/AppData/Local/Programs/Microsoft VS Code/bin, mtime 1659734265): 4 files, no impossibilities.

# 7160 files, no impossibilities in 35 directories.

# Implicit Rules

# No implicit rules.

# Files

all: tarea
#  Command line target.
#  Implicit rule search has been done.
#  File does not exist.
#  File has been updated.
#  Needs to be updated (-q is set).
# variable set hash-table stats:
# Load=0/32=0%, Rehash=0, Collisions=0/3=0%

# Not a target:
main.c:
#  Implicit rule search has been done.
#  Last modified 2022-08-07 11:36:56
#  File has been updated.
#  Successfully updated.

# Not a target:
.SUFFIXES:
#  Implicit rule search has not been done.
#  Modification time never checked.
#  File has not been updated.

# Not a target:
Makefile:
#  Implicit rule search has been done.
#  Last modified 2022-08-07 10:55:57
#  File has been updated.
#  Successfully updated.

tarea: main
#  Implicit rule search has not been done.
#  File does not exist.
#  File has been updated.
#  Needs to be updated (-q is set).
# variable set hash-table stats:
# Load=0/32=0%, Rehash=0, Collisions=0/3=0%
#  recipe to execute (from 'Makefile', line 3):
	gcc -o tarea main.o

# Not a target:
.DEFAULT:
#  Implicit rule search has not been done.
#  Modification time never checked.
#   
File has not been updated.

main: main.c
#  Implicit rule search has not been done.
#  Implicit/static pattern stem: ''
#  File does not exist.
#  File has been updated.
#  Needs to be updated (-q is set).
# automatic
# @ := main
# automatic
# % := 
# automatic
# * := 
# automatic
# + := main.c
# automatic
# | := 
# automatic
# < := main.c
# automatic
# ^ := main.c
# automatic
# ? := main.c
# variable set hash-table stats:
# Load=8/32=25%, Rehash=0, Collisions=1/11=9%
#  recipe to execute (from 'Makefile', line 5):
	gcc -c main.c

# files hash-table stats:
# Load=7/1024=1%, Rehash=0, Collisions=0/24=0%
# VPATH Search Paths

# No 'vpath' search paths.

# No general ('VPATH' variable) search path.

# strcache buffers: 7 (6) / strings = 3743 / storage = 56556 B / avg = 15 B
# current buf: size = 8174 B / used = 7563 B / count = 480 / avg = 15 B
# other used: total = 48382 B / count = 3263 / avg = 14 B
# other free: total = 51 B / max = 12 B / min = 5 B / avg = 8 B

# strcache performance: lookups = 7211 / hit rate = 48%
# hash-table stats:
# Load=3743/8192=46%, Rehash=0, Collisions=2517/7211=35%
# Finished Make data base on Sun Aug 07 11:52:33 2022

 
